<?xml version="1.0" encoding="UTF-8"?>
<testsuite name="com.example.shesecure10.ExampleUnitTest" tests="1" skipped="0" failures="0" errors="0" timestamp="2024-05-21T08:19:50" hostname="FATEEN" time="0.005">
  <properties/>
  <testcase name="addition_isCorrect" classname="com.example.shesecure10.ExampleUnitTest" time="0.005"/>
  <system-out><![CDATA[]]></system-out>
  <system-err><![CDATA[]]></system-err>
</testsuite>
